{"contracts\\crosschain\\CrossChainGateway.sol":{"l":{"29":0,"33":0,"38":0,"40":0,"41":0,"42":0,"47":0,"48":0,"49":0,"50":0,"54":0,"56":0},"path":"D:\\RemixProject\\nft-auction-hardhat\\contracts\\crosschain\\CrossChainGateway.sol","s":{"1":0,"2":0,"3":0,"4":0,"5":0,"6":0,"7":0,"8":0,"9":0,"10":0},"b":{"1":[0,0],"2":[0,0],"3":[0,0],"4":[0,0],"5":[0,0]},"f":{"1":0,"2":0,"3":0,"4":0,"5":0},"fnMap":{"1":{"name":"constructor","line":26,"loc":{"start":{"line":26,"column":4},"end":{"line":26,"column":49}}},"2":{"name":"setRouter","line":28,"loc":{"start":{"line":28,"column":4},"end":{"line":30,"column":4}}},"3":{"name":"allowAuction","line":32,"loc":{"start":{"line":32,"column":4},"end":{"line":34,"column":4}}},"4":{"name":"sendBid","line":37,"loc":{"start":{"line":37,"column":4},"end":{"line":43,"column":4}}},"5":{"name":"ccipReceive","line":46,"loc":{"start":{"line":46,"column":4},"end":{"line":57,"column":4}}}},"statementMap":{"1":{"start":{"line":38,"column":8},"end":{"line":38,"column":68}},"2":{"start":{"line":40,"column":8},"end":{"line":40,"column":82}},"3":{"start":{"line":41,"column":8},"end":{"line":41,"column":49}},"4":{"start":{"line":42,"column":8},"end":{"line":42,"column":76}},"5":{"start":{"line":47,"column":8},"end":{"line":47,"column":129}},"6":{"start":{"line":48,"column":8},"end":{"line":48,"column":63}},"7":{"start":{"line":49,"column":8},"end":{"line":49,"column":2278}},"8":{"start":{"line":50,"column":12},"end":{"line":50,"column":55}},"9":{"start":{"line":54,"column":12},"end":{"line":54,"column":55}},"10":{"start":{"line":56,"column":8},"end":{"line":56,"column":71}}},"branchMap":{"1":{"line":28,"type":"if","locations":[{"start":{"line":28,"column":43},"end":{"line":28,"column":43}},{"start":{"line":28,"column":43},"end":{"line":28,"column":43}}]},"2":{"line":32,"type":"if","locations":[{"start":{"line":32,"column":66},"end":{"line":32,"column":66}},{"start":{"line":32,"column":66},"end":{"line":32,"column":66}}]},"3":{"line":38,"type":"if","locations":[{"start":{"line":38,"column":8},"end":{"line":38,"column":8}},{"start":{"line":38,"column":8},"end":{"line":38,"column":8}}]},"4":{"line":48,"type":"if","locations":[{"start":{"line":48,"column":8},"end":{"line":48,"column":8}},{"start":{"line":48,"column":8},"end":{"line":48,"column":8}}]},"5":{"line":49,"type":"if","locations":[{"start":{"line":49,"column":8},"end":{"line":49,"column":8}},{"start":{"line":49,"column":8},"end":{"line":49,"column":8}}]}}},"contracts\\mocks\\MockERC20.sol":{"l":{"9":1,"10":1},"path":"D:\\RemixProject\\nft-auction-hardhat\\contracts\\mocks\\MockERC20.sol","s":{"1":1,"2":1,"3":0},"b":{},"f":{"1":1,"2":1,"3":0},"fnMap":{"1":{"name":"constructor","line":8,"loc":{"start":{"line":8,"column":4},"end":{"line":11,"column":4}}},"2":{"name":"decimals","line":12,"loc":{"start":{"line":12,"column":4},"end":{"line":12,"column":76}}},"3":{"name":"mint","line":13,"loc":{"start":{"line":13,"column":4},"end":{"line":13,"column":76}}}},"statementMap":{"1":{"start":{"line":10,"column":8},"end":{"line":10,"column":30}},"2":{"start":{"line":12,"column":63},"end":{"line":12,"column":74}},"3":{"start":{"line":13,"column":57},"end":{"line":13,"column":73}}},"branchMap":{}},"contracts\\mocks\\MockV3Aggregator.sol":{"l":{"14":3,"15":3,"16":3,"17":3,"23":3,"28":0},"path":"D:\\RemixProject\\nft-auction-hardhat\\contracts\\mocks\\MockV3Aggregator.sol","s":{"1":3,"2":0},"b":{},"f":{"1":3,"2":3,"3":0},"fnMap":{"1":{"name":"constructor","line":13,"loc":{"start":{"line":13,"column":4},"end":{"line":18,"column":4}}},"2":{"name":"latestRoundData","line":20,"loc":{"start":{"line":20,"column":4},"end":{"line":24,"column":4}}},"3":{"name":"getRoundData","line":27,"loc":{"start":{"line":27,"column":4},"end":{"line":29,"column":4}}}},"statementMap":{"1":{"start":{"line":23,"column":8},"end":{"line":23,"column":45}},"2":{"start":{"line":28,"column":8},"end":{"line":28,"column":45}}},"branchMap":{}},"contracts\\MyNFT.sol":{"l":{"12":2,"16":2,"17":2,"21":0,"25":0},"path":"D:\\RemixProject\\nft-auction-hardhat\\contracts\\MyNFT.sol","s":{"1":2,"2":0},"b":{"1":[2,0],"2":[0,0]},"f":{"1":2,"2":2,"3":0,"4":0},"fnMap":{"1":{"name":"constructor","line":11,"loc":{"start":{"line":11,"column":4},"end":{"line":13,"column":4}}},"2":{"name":"mint","line":15,"loc":{"start":{"line":15,"column":4},"end":{"line":18,"column":4}}},"3":{"name":"_baseURI","line":20,"loc":{"start":{"line":20,"column":4},"end":{"line":22,"column":4}}},"4":{"name":"setBaseURI","line":24,"loc":{"start":{"line":24,"column":4},"end":{"line":26,"column":4}}}},"statementMap":{"1":{"start":{"line":17,"column":8},"end":{"line":17,"column":25}},"2":{"start":{"line":21,"column":8},"end":{"line":21,"column":20}}},"branchMap":{"1":{"line":15,"type":"if","locations":[{"start":{"line":15,"column":39},"end":{"line":15,"column":39}},{"start":{"line":15,"column":39},"end":{"line":15,"column":39}}]},"2":{"line":24,"type":"if","locations":[{"start":{"line":24,"column":58},"end":{"line":24,"column":58}},{"start":{"line":24,"column":58},"end":{"line":24,"column":58}}]}}},"contracts\\NftAuction.sol":{"l":{"59":2,"60":2,"61":2,"62":2,"63":2,"64":2,"65":2,"66":2,"67":2,"68":2,"69":2,"70":2,"74":1,"78":3,"79":3,"83":2,"87":0,"88":0,"92":0,"97":2,"98":2,"99":2,"104":1,"105":1,"106":1,"107":1,"111":3,"113":3,"116":2,"119":2,"120":1,"121":1,"122":1,"124":0,"127":2,"128":2,"132":1,"133":1,"134":1,"136":0,"137":0,"138":0,"141":1,"144":1,"145":1,"146":1,"148":1,"149":1,"150":1,"151":1,"152":1,"154":0,"155":0,"158":1,"163":0,"164":0,"169":0,"170":0,"171":0,"173":0},"path":"D:\\RemixProject\\nft-auction-hardhat\\contracts\\NftAuction.sol","s":{"1":2,"2":2,"3":2,"4":1,"5":3,"6":2,"7":0,"8":0,"9":0,"10":0,"11":2,"12":2,"13":2,"14":1,"15":1,"16":1,"17":1,"18":3,"19":3,"20":2,"21":2,"22":1,"23":1,"24":1,"25":0,"26":2,"27":1,"28":1,"29":1,"30":0,"31":0,"32":0,"33":1,"34":1,"35":1,"36":1,"37":1,"38":1,"39":1,"40":1,"41":1,"42":0,"43":0,"44":1,"45":0,"46":0,"47":0,"48":0,"49":0},"b":{"1":[2,0],"2":[1,0],"3":[3,0],"4":[0,0],"5":[2,0],"6":[2,0],"7":[2,0],"8":[1,0],"9":[1,0],"10":[1,0],"11":[3,0],"12":[1,2],"13":[1,1],"14":[1,1],"15":[1,0],"16":[1,0],"17":[1,0],"18":[1,0],"19":[0,1],"20":[1,0],"21":[1,0],"22":[1,0],"23":[0,0],"24":[0,0],"25":[0,0],"26":[0,0],"27":[0,0]},"f":{"1":2,"2":1,"3":3,"4":2,"5":0,"6":0,"7":2,"8":1,"9":3,"10":1,"11":0,"12":0},"fnMap":{"1":{"name":"initialize","line":57,"loc":{"start":{"line":48,"column":4},"end":{"line":71,"column":4}}},"2":{"name":"_authorizeUpgrade","line":73,"loc":{"start":{"line":73,"column":4},"end":{"line":75,"column":4}}},"3":{"name":"onlyActive","line":77,"loc":{"start":{"line":77,"column":4},"end":{"line":80,"column":4}}},"4":{"name":"onERC721Received","line":82,"loc":{"start":{"line":82,"column":4},"end":{"line":84,"column":4}}},"5":{"name":"timeLeft","line":86,"loc":{"start":{"line":86,"column":4},"end":{"line":89,"column":4}}},"6":{"name":"currentFeeBps","line":91,"loc":{"start":{"line":91,"column":4},"end":{"line":93,"column":4}}},"7":{"name":"bidETH","line":96,"loc":{"start":{"line":96,"column":4},"end":{"line":100,"column":4}}},"8":{"name":"bidERC20","line":103,"loc":{"start":{"line":103,"column":4},"end":{"line":108,"column":4}}},"9":{"name":"_placeBid","line":110,"loc":{"start":{"line":110,"column":4},"end":{"line":129,"column":4}}},"10":{"name":"endAuction","line":131,"loc":{"start":{"line":131,"column":4},"end":{"line":159,"column":4}}},"11":{"name":"setMinIncrementUsd","line":162,"loc":{"start":{"line":162,"column":4},"end":{"line":165,"column":4}}},"12":{"name":"rescueToken","line":167,"loc":{"start":{"line":167,"column":4},"end":{"line":175,"column":4}}}},"statementMap":{"1":{"start":{"line":59,"column":8},"end":{"line":59,"column":31}},"2":{"start":{"line":60,"column":8},"end":{"line":60,"column":31}},"3":{"start":{"line":61,"column":8},"end":{"line":61,"column":33}},"4":{"start":{"line":74,"column":8},"end":{"line":74,"column":77}},"5":{"start":{"line":78,"column":8},"end":{"line":78,"column":87}},"6":{"start":{"line":83,"column":8},"end":{"line":83,"column":56}},"7":{"start":{"line":87,"column":8},"end":{"line":87,"column":48}},"8":{"start":{"line":87,"column":40},"end":{"line":87,"column":48}},"9":{"start":{"line":88,"column":8},"end":{"line":88,"column":40}},"10":{"start":{"line":92,"column":8},"end":{"line":92,"column":64}},"11":{"start":{"line":97,"column":8},"end":{"line":97,"column":41}},"12":{"start":{"line":98,"column":8},"end":{"line":98,"column":57}},"13":{"start":{"line":99,"column":8},"end":{"line":99,"column":56}},"14":{"start":{"line":104,"column":8},"end":{"line":104,"column":39}},"15":{"start":{"line":105,"column":8},"end":{"line":105,"column":49}},"16":{"start":{"line":106,"column":8},"end":{"line":106,"column":72}},"17":{"start":{"line":107,"column":8},"end":{"line":107,"column":48}},"18":{"start":{"line":111,"column":8},"end":{"line":111,"column":57}},"19":{"start":{"line":113,"column":8},"end":{"line":113,"column":4246}},"20":{"start":{"line":116,"column":12},"end":{"line":116,"column":72}},"21":{"start":{"line":119,"column":8},"end":{"line":119,"column":4426}},"22":{"start":{"line":120,"column":12},"end":{"line":120,"column":4478}},"23":{"start":{"line":121,"column":16},"end":{"line":121,"column":75}},"24":{"start":{"line":122,"column":16},"end":{"line":122,"column":47}},"25":{"start":{"line":124,"column":16},"end":{"line":124,"column":81}},"26":{"start":{"line":128,"column":8},"end":{"line":128,"column":50}},"27":{"start":{"line":132,"column":8},"end":{"line":132,"column":55}},"28":{"start":{"line":133,"column":8},"end":{"line":133,"column":54}},"29":{"start":{"line":134,"column":8},"end":{"line":134,"column":5082}},"30":{"start":{"line":136,"column":12},"end":{"line":136,"column":63}},"31":{"start":{"line":137,"column":12},"end":{"line":137,"column":28}},"32":{"start":{"line":138,"column":12},"end":{"line":138,"column":18}},"33":{"start":{"line":141,"column":8},"end":{"line":141,"column":67}},"34":{"start":{"line":144,"column":8},"end":{"line":144,"column":73}},"35":{"start":{"line":145,"column":8},"end":{"line":145,"column":54}},"36":{"start":{"line":146,"column":8},"end":{"line":146,"column":48}},"37":{"start":{"line":148,"column":8},"end":{"line":148,"column":5576}},"38":{"start":{"line":149,"column":12},"end":{"line":149,"column":53}},"39":{"start":{"line":150,"column":12},"end":{"line":150,"column":41}},"40":{"start":{"line":151,"column":12},"end":{"line":151,"column":59}},"41":{"start":{"line":152,"column":12},"end":{"line":152,"column":44}},"42":{"start":{"line":154,"column":12},"end":{"line":154,"column":58}},"43":{"start":{"line":155,"column":12},"end":{"line":155,"column":64}},"44":{"start":{"line":158,"column":8},"end":{"line":158,"column":98}},"45":{"start":{"line":163,"column":8},"end":{"line":163,"column":94}},"46":{"start":{"line":169,"column":8},"end":{"line":169,"column":6456}},"47":{"start":{"line":170,"column":12},"end":{"line":170,"column":51}},"48":{"start":{"line":171,"column":12},"end":{"line":171,"column":45}},"49":{"start":{"line":173,"column":12},"end":{"line":173,"column":49}}},"branchMap":{"1":{"line":57,"type":"if","locations":[{"start":{"line":57,"column":15},"end":{"line":57,"column":15}},{"start":{"line":57,"column":15},"end":{"line":57,"column":15}}]},"2":{"line":74,"type":"if","locations":[{"start":{"line":74,"column":8},"end":{"line":74,"column":8}},{"start":{"line":74,"column":8},"end":{"line":74,"column":8}}]},"3":{"line":78,"type":"if","locations":[{"start":{"line":78,"column":8},"end":{"line":78,"column":8}},{"start":{"line":78,"column":8},"end":{"line":78,"column":8}}]},"4":{"line":87,"type":"if","locations":[{"start":{"line":87,"column":8},"end":{"line":87,"column":8}},{"start":{"line":87,"column":8},"end":{"line":87,"column":8}}]},"5":{"line":96,"type":"if","locations":[{"start":{"line":96,"column":39},"end":{"line":96,"column":39}},{"start":{"line":96,"column":39},"end":{"line":96,"column":39}}]},"6":{"line":96,"type":"if","locations":[{"start":{"line":96,"column":50},"end":{"line":96,"column":50}},{"start":{"line":96,"column":50},"end":{"line":96,"column":50}}]},"7":{"line":97,"type":"if","locations":[{"start":{"line":97,"column":8},"end":{"line":97,"column":8}},{"start":{"line":97,"column":8},"end":{"line":97,"column":8}}]},"8":{"line":103,"type":"if","locations":[{"start":{"line":103,"column":62},"end":{"line":103,"column":62}},{"start":{"line":103,"column":62},"end":{"line":103,"column":62}}]},"9":{"line":103,"type":"if","locations":[{"start":{"line":103,"column":73},"end":{"line":103,"column":73}},{"start":{"line":103,"column":73},"end":{"line":103,"column":73}}]},"10":{"line":104,"type":"if","locations":[{"start":{"line":104,"column":8},"end":{"line":104,"column":8}},{"start":{"line":104,"column":8},"end":{"line":104,"column":8}}]},"11":{"line":111,"type":"if","locations":[{"start":{"line":111,"column":8},"end":{"line":111,"column":8}},{"start":{"line":111,"column":8},"end":{"line":111,"column":8}}]},"12":{"line":113,"type":"if","locations":[{"start":{"line":113,"column":8},"end":{"line":113,"column":8}},{"start":{"line":113,"column":8},"end":{"line":113,"column":8}}]},"13":{"line":116,"type":"if","locations":[{"start":{"line":116,"column":12},"end":{"line":116,"column":12}},{"start":{"line":116,"column":12},"end":{"line":116,"column":12}}]},"14":{"line":119,"type":"if","locations":[{"start":{"line":119,"column":8},"end":{"line":119,"column":8}},{"start":{"line":119,"column":8},"end":{"line":119,"column":8}}]},"15":{"line":120,"type":"if","locations":[{"start":{"line":120,"column":12},"end":{"line":120,"column":12}},{"start":{"line":120,"column":12},"end":{"line":120,"column":12}}]},"16":{"line":122,"type":"if","locations":[{"start":{"line":122,"column":16},"end":{"line":122,"column":16}},{"start":{"line":122,"column":16},"end":{"line":122,"column":16}}]},"17":{"line":131,"type":"if","locations":[{"start":{"line":131,"column":35},"end":{"line":131,"column":35}},{"start":{"line":131,"column":35},"end":{"line":131,"column":35}}]},"18":{"line":132,"type":"if","locations":[{"start":{"line":132,"column":8},"end":{"line":132,"column":8}},{"start":{"line":132,"column":8},"end":{"line":132,"column":8}}]},"19":{"line":134,"type":"if","locations":[{"start":{"line":134,"column":8},"end":{"line":134,"column":8}},{"start":{"line":134,"column":8},"end":{"line":134,"column":8}}]},"20":{"line":148,"type":"if","locations":[{"start":{"line":148,"column":8},"end":{"line":148,"column":8}},{"start":{"line":148,"column":8},"end":{"line":148,"column":8}}]},"21":{"line":150,"type":"if","locations":[{"start":{"line":150,"column":12},"end":{"line":150,"column":12}},{"start":{"line":150,"column":12},"end":{"line":150,"column":12}}]},"22":{"line":152,"type":"if","locations":[{"start":{"line":152,"column":12},"end":{"line":152,"column":12}},{"start":{"line":152,"column":12},"end":{"line":152,"column":12}}]},"23":{"line":163,"type":"if","locations":[{"start":{"line":163,"column":8},"end":{"line":163,"column":8}},{"start":{"line":163,"column":8},"end":{"line":163,"column":8}}]},"24":{"line":163,"type":"cond-expr","locations":[{"start":{"line":163,"column":16},"end":{"line":163,"column":58}},{"start":{"line":163,"column":63},"end":{"line":163,"column":82}}]},"25":{"line":167,"type":"if","locations":[{"start":{"line":167,"column":77},"end":{"line":167,"column":77}},{"start":{"line":167,"column":77},"end":{"line":167,"column":77}}]},"26":{"line":169,"type":"if","locations":[{"start":{"line":169,"column":8},"end":{"line":169,"column":8}},{"start":{"line":169,"column":8},"end":{"line":169,"column":8}}]},"27":{"line":171,"type":"if","locations":[{"start":{"line":171,"column":12},"end":{"line":171,"column":12}},{"start":{"line":171,"column":12},"end":{"line":171,"column":12}}]}}},"contracts\\NftAuctionFactory.sol":{"l":{"46":2,"47":2,"48":2,"49":2,"50":2,"52":2,"54":2,"62":0,"63":0,"68":0,"69":0,"74":0,"75":0,"76":0,"77":0,"82":1,"83":1,"84":2,"87":1,"101":2,"102":2,"103":2,"104":2,"105":2,"107":2,"118":2,"119":2,"120":2,"124":2,"125":2,"129":0},"path":"D:\\RemixProject\\nft-auction-hardhat\\contracts\\NftAuctionFactory.sol","s":{"1":2,"2":2,"3":0,"4":0,"5":0,"6":0,"7":1,"8":1,"9":2,"10":1,"11":2,"12":2,"13":2,"14":2,"15":2,"16":2,"17":2,"18":2,"19":2,"20":0},"b":{"1":[2,0],"2":[0,0],"3":[0,0],"4":[0,0],"5":[0,0],"6":[0,0],"7":[1,1],"8":[2,0],"9":[2,0]},"f":{"1":2,"2":0,"3":0,"4":0,"5":0,"6":1,"7":2,"8":0},"fnMap":{"1":{"name":"initialize","line":45,"loc":{"start":{"line":45,"column":4},"end":{"line":55,"column":4}}},"2":{"name":"_authorizeUpgrade","line":58,"loc":{"start":{"line":58,"column":4},"end":{"line":58,"column":77}}},"3":{"name":"setImplementation","line":61,"loc":{"start":{"line":61,"column":4},"end":{"line":64,"column":4}}},"4":{"name":"setFeeTo","line":67,"loc":{"start":{"line":67,"column":4},"end":{"line":70,"column":4}}},"5":{"name":"setFeeTiers","line":73,"loc":{"start":{"line":73,"column":4},"end":{"line":78,"column":4}}},"6":{"name":"feeBpsFor","line":81,"loc":{"start":{"line":81,"column":4},"end":{"line":88,"column":4}}},"7":{"name":"createAuction","line":95,"loc":{"start":{"line":95,"column":4},"end":{"line":126,"column":4}}},"8":{"name":"allAuctionsLength","line":128,"loc":{"start":{"line":128,"column":4},"end":{"line":130,"column":4}}}},"statementMap":{"1":{"start":{"line":46,"column":8},"end":{"line":46,"column":29}},"2":{"start":{"line":47,"column":8},"end":{"line":47,"column":31}},"3":{"start":{"line":62,"column":8},"end":{"line":62,"column":66}},"4":{"start":{"line":69,"column":8},"end":{"line":69,"column":31}},"5":{"start":{"line":74,"column":8},"end":{"line":74,"column":86}},"6":{"start":{"line":77,"column":8},"end":{"line":77,"column":42}},"7":{"start":{"line":82,"column":8},"end":{"line":82,"column":27}},"8":{"start":{"line":83,"column":8},"end":{"line":83,"column":3133}},"9":{"start":{"line":84,"column":12},"end":{"line":84,"column":3212}},"10":{"start":{"line":87,"column":8},"end":{"line":87,"column":18}},"11":{"start":{"line":101,"column":8},"end":{"line":101,"column":52}},"12":{"start":{"line":102,"column":8},"end":{"line":102,"column":57}},"13":{"start":{"line":103,"column":8},"end":{"line":103,"column":54}},"14":{"start":{"line":104,"column":8},"end":{"line":104,"column":50}},"15":{"start":{"line":105,"column":8},"end":{"line":105,"column":45}},"16":{"start":{"line":107,"column":8},"end":{"line":107,"column":3877}},"17":{"start":{"line":120,"column":8},"end":{"line":120,"column":32}},"18":{"start":{"line":124,"column":8},"end":{"line":124,"column":66}},"19":{"start":{"line":125,"column":8},"end":{"line":125,"column":62}},"20":{"start":{"line":129,"column":8},"end":{"line":129,"column":33}}},"branchMap":{"1":{"line":45,"type":"if","locations":[{"start":{"line":45,"column":105},"end":{"line":45,"column":105}},{"start":{"line":45,"column":105},"end":{"line":45,"column":105}}]},"2":{"line":58,"type":"if","locations":[{"start":{"line":58,"column":66},"end":{"line":58,"column":66}},{"start":{"line":58,"column":66},"end":{"line":58,"column":66}}]},"3":{"line":61,"type":"if","locations":[{"start":{"line":61,"column":57},"end":{"line":61,"column":57}},{"start":{"line":61,"column":57},"end":{"line":61,"column":57}}]},"4":{"line":67,"type":"if","locations":[{"start":{"line":67,"column":49},"end":{"line":67,"column":49}},{"start":{"line":67,"column":49},"end":{"line":67,"column":49}}]},"5":{"line":73,"type":"if","locations":[{"start":{"line":73,"column":89},"end":{"line":73,"column":89}},{"start":{"line":73,"column":89},"end":{"line":73,"column":89}}]},"6":{"line":74,"type":"if","locations":[{"start":{"line":74,"column":8},"end":{"line":74,"column":8}},{"start":{"line":74,"column":8},"end":{"line":74,"column":8}}]},"7":{"line":84,"type":"if","locations":[{"start":{"line":84,"column":12},"end":{"line":84,"column":12}},{"start":{"line":84,"column":12},"end":{"line":84,"column":12}}]},"8":{"line":101,"type":"if","locations":[{"start":{"line":101,"column":8},"end":{"line":101,"column":8}},{"start":{"line":101,"column":8},"end":{"line":101,"column":8}}]},"9":{"line":103,"type":"if","locations":[{"start":{"line":103,"column":8},"end":{"line":103,"column":8}},{"start":{"line":103,"column":8},"end":{"line":103,"column":8}}]}}},"contracts\\NftAuctionV2.sol":{"l":{"8":1},"path":"D:\\RemixProject\\nft-auction-hardhat\\contracts\\NftAuctionV2.sol","s":{"1":1},"b":{},"f":{"1":1},"fnMap":{"1":{"name":"version","line":7,"loc":{"start":{"line":7,"column":4},"end":{"line":9,"column":4}}}},"statementMap":{"1":{"start":{"line":8,"column":8},"end":{"line":8,"column":29}}},"branchMap":{}},"contracts\\PriceOracle.sol":{"l":{"24":3,"25":3,"29":0,"30":0,"35":3,"37":3,"39":3,"41":3,"43":3,"45":3,"46":3,"48":3,"50":2,"52":1,"53":1,"59":0,"60":0,"61":0,"62":0},"path":"D:\\RemixProject\\nft-auction-hardhat\\contracts\\PriceOracle.sol","s":{"1":3,"2":0,"3":3,"4":3,"5":3,"6":3,"7":3,"8":3,"9":3,"10":3,"11":1,"12":0,"13":0,"14":0,"15":0},"b":{"1":[3,0],"2":[0,0],"3":[0,3],"4":[0,3],"5":[3,0],"6":[2,1],"7":[0,0]},"f":{"1":2,"2":3,"3":0,"4":3,"5":0},"fnMap":{"1":{"name":"constructor","line":21,"loc":{"start":{"line":21,"column":4},"end":{"line":21,"column":49}}},"2":{"name":"setFeed","line":23,"loc":{"start":{"line":23,"column":4},"end":{"line":26,"column":4}}},"3":{"name":"setMaxDelay","line":28,"loc":{"start":{"line":28,"column":4},"end":{"line":31,"column":4}}},"4":{"name":"toUSD","line":34,"loc":{"start":{"line":34,"column":4},"end":{"line":55,"column":4}}},"5":{"name":"getPrice","line":58,"loc":{"start":{"line":58,"column":4},"end":{"line":63,"column":4}}}},"statementMap":{"1":{"start":{"line":25,"column":8},"end":{"line":25,"column":48}},"2":{"start":{"line":30,"column":8},"end":{"line":30,"column":34}},"3":{"start":{"line":35,"column":8},"end":{"line":35,"column":49}},"4":{"start":{"line":37,"column":8},"end":{"line":37,"column":61}},"5":{"start":{"line":39,"column":8},"end":{"line":39,"column":70}},"6":{"start":{"line":41,"column":8},"end":{"line":41,"column":97}},"7":{"start":{"line":43,"column":8},"end":{"line":43,"column":45}},"8":{"start":{"line":45,"column":8},"end":{"line":45,"column":57}},"9":{"start":{"line":46,"column":8},"end":{"line":46,"column":34}},"10":{"start":{"line":48,"column":8},"end":{"line":48,"column":1979}},"11":{"start":{"line":52,"column":12},"end":{"line":52,"column":54}},"12":{"start":{"line":59,"column":8},"end":{"line":59,"column":49}},"13":{"start":{"line":60,"column":8},"end":{"line":60,"column":61}},"14":{"start":{"line":61,"column":8},"end":{"line":61,"column":70}},"15":{"start":{"line":62,"column":8},"end":{"line":62,"column":42}}},"branchMap":{"1":{"line":23,"type":"if","locations":[{"start":{"line":23,"column":79},"end":{"line":23,"column":79}},{"start":{"line":23,"column":79},"end":{"line":23,"column":79}}]},"2":{"line":28,"type":"if","locations":[{"start":{"line":28,"column":52},"end":{"line":28,"column":52}},{"start":{"line":28,"column":52},"end":{"line":28,"column":52}}]},"3":{"line":37,"type":"if","locations":[{"start":{"line":37,"column":8},"end":{"line":37,"column":8}},{"start":{"line":37,"column":8},"end":{"line":37,"column":8}}]},"4":{"line":41,"type":"if","locations":[{"start":{"line":41,"column":8},"end":{"line":41,"column":8}},{"start":{"line":41,"column":8},"end":{"line":41,"column":8}}]},"5":{"line":45,"type":"if","locations":[{"start":{"line":45,"column":8},"end":{"line":45,"column":8}},{"start":{"line":45,"column":8},"end":{"line":45,"column":8}}]},"6":{"line":48,"type":"if","locations":[{"start":{"line":48,"column":8},"end":{"line":48,"column":8}},{"start":{"line":48,"column":8},"end":{"line":48,"column":8}}]},"7":{"line":60,"type":"if","locations":[{"start":{"line":60,"column":8},"end":{"line":60,"column":8}},{"start":{"line":60,"column":8},"end":{"line":60,"column":8}}]}}}}