TN:
SF:D:\RemixProject\nft-auction-hardhat\contracts\crosschain\CrossChainGateway.sol
FN:26,constructor
FN:28,setRouter
FN:32,allowAuction
FN:37,sendBid
FN:46,ccipReceive
FNF:5
FNH:0
FNDA:0,constructor
FNDA:0,setRouter
FNDA:0,allowAuction
FNDA:0,sendBid
FNDA:0,ccipReceive
DA:29,0
DA:33,0
DA:38,0
DA:40,0
DA:41,0
DA:42,0
DA:47,0
DA:48,0
DA:49,0
DA:50,0
DA:54,0
DA:56,0
LF:12
LH:0
BRDA:28,1,0,0
BRDA:28,1,1,0
BRDA:32,2,0,0
BRDA:32,2,1,0
BRDA:38,3,0,0
BRDA:38,3,1,0
BRDA:48,4,0,0
BRDA:48,4,1,0
BRDA:49,5,0,0
BRDA:49,5,1,0
BRF:10
BRH:0
end_of_record
TN:
SF:D:\RemixProject\nft-auction-hardhat\contracts\mocks\MockERC20.sol
FN:8,constructor
FN:12,decimals
FN:13,mint
FNF:3
FNH:2
FNDA:1,constructor
FNDA:1,decimals
FNDA:0,mint
DA:9,1
DA:10,1
LF:2
LH:2
BRF:0
BRH:0
end_of_record
TN:
SF:D:\RemixProject\nft-auction-hardhat\contracts\mocks\MockV3Aggregator.sol
FN:13,constructor
FN:20,latestRoundData
FN:27,getRoundData
FNF:3
FNH:2
FNDA:3,constructor
FNDA:3,latestRoundData
FNDA:0,getRoundData
DA:14,3
DA:15,3
DA:16,3
DA:17,3
DA:23,3
DA:28,0
LF:6
LH:5
BRF:0
BRH:0
end_of_record
TN:
SF:D:\RemixProject\nft-auction-hardhat\contracts\MyNFT.sol
FN:11,constructor
FN:15,mint
FN:20,_baseURI
FN:24,setBaseURI
FNF:4
FNH:2
FNDA:2,constructor
FNDA:2,mint
FNDA:0,_baseURI
FNDA:0,setBaseURI
DA:12,2
DA:16,2
DA:17,2
DA:21,0
DA:25,0
LF:5
LH:3
BRDA:15,1,0,2
BRDA:15,1,1,0
BRDA:24,2,0,0
BRDA:24,2,1,0
BRF:4
BRH:1
end_of_record
TN:
SF:D:\RemixProject\nft-auction-hardhat\contracts\NftAuction.sol
FN:57,initialize
FN:73,_authorizeUpgrade
FN:77,onlyActive
FN:82,onERC721Received
FN:86,timeLeft
FN:91,currentFeeBps
FN:96,bidETH
FN:103,bidERC20
FN:110,_placeBid
FN:131,endAuction
FN:162,setMinIncrementUsd
FN:167,rescueToken
FNF:12
FNH:8
FNDA:2,initialize
FNDA:1,_authorizeUpgrade
FNDA:3,onlyActive
FNDA:2,onERC721Received
FNDA:0,timeLeft
FNDA:0,currentFeeBps
FNDA:2,bidETH
FNDA:1,bidERC20
FNDA:3,_placeBid
FNDA:1,endAuction
FNDA:0,setMinIncrementUsd
FNDA:0,rescueToken
DA:59,2
DA:60,2
DA:61,2
DA:62,2
DA:63,2
DA:64,2
DA:65,2
DA:66,2
DA:67,2
DA:68,2
DA:69,2
DA:70,2
DA:74,1
DA:78,3
DA:79,3
DA:83,2
DA:87,0
DA:88,0
DA:92,0
DA:97,2
DA:98,2
DA:99,2
DA:104,1
DA:105,1
DA:106,1
DA:107,1
DA:111,3
DA:113,3
DA:116,2
DA:119,2
DA:120,1
DA:121,1
DA:122,1
DA:124,0
DA:127,2
DA:128,2
DA:132,1
DA:133,1
DA:134,1
DA:136,0
DA:137,0
DA:138,0
DA:141,1
DA:144,1
DA:145,1
DA:146,1
DA:148,1
DA:149,1
DA:150,1
DA:151,1
DA:152,1
DA:154,0
DA:155,0
DA:158,1
DA:163,0
DA:164,0
DA:169,0
DA:170,0
DA:171,0
DA:173,0
LF:60
LH:45
BRDA:57,1,0,2
BRDA:57,1,1,0
BRDA:74,2,0,1
BRDA:74,2,1,0
BRDA:78,3,0,3
BRDA:78,3,1,0
BRDA:87,4,0,0
BRDA:87,4,1,0
BRDA:96,5,0,2
BRDA:96,5,1,0
BRDA:96,6,0,2
BRDA:96,6,1,0
BRDA:97,7,0,2
BRDA:97,7,1,0
BRDA:103,8,0,1
BRDA:103,8,1,0
BRDA:103,9,0,1
BRDA:103,9,1,0
BRDA:104,10,0,1
BRDA:104,10,1,0
BRDA:111,11,0,3
BRDA:111,11,1,0
BRDA:113,12,0,1
BRDA:113,12,1,2
BRDA:116,13,0,1
BRDA:116,13,1,1
BRDA:119,14,0,1
BRDA:119,14,1,1
BRDA:120,15,0,1
BRDA:120,15,1,0
BRDA:122,16,0,1
BRDA:122,16,1,0
BRDA:131,17,0,1
BRDA:131,17,1,0
BRDA:132,18,0,1
BRDA:132,18,1,0
BRDA:134,19,0,0
BRDA:134,19,1,1
BRDA:148,20,0,1
BRDA:148,20,1,0
BRDA:150,21,0,1
BRDA:150,21,1,0
BRDA:152,22,0,1
BRDA:152,22,1,0
BRDA:163,23,0,0
BRDA:163,23,1,0
BRDA:163,24,0,0
BRDA:163,24,1,0
BRDA:167,25,0,0
BRDA:167,25,1,0
BRDA:169,26,0,0
BRDA:169,26,1,0
BRDA:171,27,0,0
BRDA:171,27,1,0
BRF:54
BRH:24
end_of_record
TN:
SF:D:\RemixProject\nft-auction-hardhat\contracts\NftAuctionFactory.sol
FN:45,initialize
FN:58,_authorizeUpgrade
FN:61,setImplementation
FN:67,setFeeTo
FN:73,setFeeTiers
FN:81,feeBpsFor
FN:95,createAuction
FN:128,allAuctionsLength
FNF:8
FNH:3
FNDA:2,initialize
FNDA:0,_authorizeUpgrade
FNDA:0,setImplementation
FNDA:0,setFeeTo
FNDA:0,setFeeTiers
FNDA:1,feeBpsFor
FNDA:2,createAuction
FNDA:0,allAuctionsLength
DA:46,2
DA:47,2
DA:48,2
DA:49,2
DA:50,2
DA:52,2
DA:54,2
DA:62,0
DA:63,0
DA:68,0
DA:69,0
DA:74,0
DA:75,0
DA:76,0
DA:77,0
DA:82,1
DA:83,1
DA:84,2
DA:87,1
DA:101,2
DA:102,2
DA:103,2
DA:104,2
DA:105,2
DA:107,2
DA:118,2
DA:119,2
DA:120,2
DA:124,2
DA:125,2
DA:129,0
LF:31
LH:22
BRDA:45,1,0,2
BRDA:45,1,1,0
BRDA:58,2,0,0
BRDA:58,2,1,0
BRDA:61,3,0,0
BRDA:61,3,1,0
BRDA:67,4,0,0
BRDA:67,4,1,0
BRDA:73,5,0,0
BRDA:73,5,1,0
BRDA:74,6,0,0
BRDA:74,6,1,0
BRDA:84,7,0,1
BRDA:84,7,1,1
BRDA:101,8,0,2
BRDA:101,8,1,0
BRDA:103,9,0,2
BRDA:103,9,1,0
BRF:18
BRH:5
end_of_record
TN:
SF:D:\RemixProject\nft-auction-hardhat\contracts\NftAuctionV2.sol
FN:7,version
FNF:1
FNH:1
FNDA:1,version
DA:8,1
LF:1
LH:1
BRF:0
BRH:0
end_of_record
TN:
SF:D:\RemixProject\nft-auction-hardhat\contracts\PriceOracle.sol
FN:21,constructor
FN:23,setFeed
FN:28,setMaxDelay
FN:34,toUSD
FN:58,getPrice
FNF:5
FNH:3
FNDA:2,constructor
FNDA:3,setFeed
FNDA:0,setMaxDelay
FNDA:3,toUSD
FNDA:0,getPrice
DA:24,3
DA:25,3
DA:29,0
DA:30,0
DA:35,3
DA:37,3
DA:39,3
DA:41,3
DA:43,3
DA:45,3
DA:46,3
DA:48,3
DA:50,2
DA:52,1
DA:53,1
DA:59,0
DA:60,0
DA:61,0
DA:62,0
LF:19
LH:13
BRDA:23,1,0,3
BRDA:23,1,1,0
BRDA:28,2,0,0
BRDA:28,2,1,0
BRDA:37,3,0,0
BRDA:37,3,1,3
BRDA:41,4,0,0
BRDA:41,4,1,3
BRDA:45,5,0,3
BRDA:45,5,1,0
BRDA:48,6,0,2
BRDA:48,6,1,1
BRDA:60,7,0,0
BRDA:60,7,1,0
BRF:14
BRH:6
end_of_record
